2020-05-17 15:04:50.796 ERROR 36760 --- [main] o.s.b.c.FileEncodingApplicationListener  : System property 'file.encoding' is currently 'GBK'. It should be 'UTF-8' (as defined in 'spring.mandatoryFileEncoding').
2020-05-17 15:04:50.800 ERROR 36760 --- [main] o.s.b.c.FileEncodingApplicationListener  : Environment variable LANG is 'zh_CN.UTF-8'. You could use a locale setting that matches encoding='UTF-8'.
2020-05-17 15:04:50.801 ERROR 36760 --- [main] o.s.b.c.FileEncodingApplicationListener  : Environment variable LC_ALL is 'null'. You could use a locale setting that matches encoding='UTF-8'.
2020-05-17 15:04:50.806 ERROR 36760 --- [main] o.s.boot.SpringApplication               : Application run failed

java.lang.IllegalStateException: The Java Virtual Machine has not been configured to use the desired default character encoding (UTF-8).
	at org.springframework.boot.context.FileEncodingApplicationListener.onApplicationEvent(FileEncodingApplicationListener.java:75) ~[spring-boot-2.2.5.RELEASE.jar!/:2.2.5.RELEASE]
	at org.springframework.boot.context.FileEncodingApplicationListener.onApplicationEvent(FileEncodingApplicationListener.java:48) ~[spring-boot-2.2.5.RELEASE.jar!/:2.2.5.RELEASE]
	at org.springframework.context.event.SimpleApplicationEventMulticaster.doInvokeListener(SimpleApplicationEventMulticaster.java:172) ~[spring-context-5.2.4.RELEASE.jar!/:5.2.4.RELEASE]
	at org.springframework.context.event.SimpleApplicationEventMulticaster.invokeListener(SimpleApplicationEventMulticaster.java:165) ~[spring-context-5.2.4.RELEASE.jar!/:5.2.4.RELEASE]
	at org.springframework.context.event.SimpleApplicationEventMulticaster.multicastEvent(SimpleApplicationEventMulticaster.java:139) ~[spring-context-5.2.4.RELEASE.jar!/:5.2.4.RELEASE]
	at org.springframework.context.event.SimpleApplicationEventMulticaster.multicastEvent(SimpleApplicationEventMulticaster.java:127) ~[spring-context-5.2.4.RELEASE.jar!/:5.2.4.RELEASE]
	at org.springframework.boot.context.event.EventPublishingRunListener.environmentPrepared(EventPublishingRunListener.java:76) ~[spring-boot-2.2.5.RELEASE.jar!/:2.2.5.RELEASE]
	at org.springframework.boot.SpringApplicationRunListeners.environmentPrepared(SpringApplicationRunListeners.java:53) ~[spring-boot-2.2.5.RELEASE.jar!/:2.2.5.RELEASE]
	at org.springframework.boot.SpringApplication.prepareEnvironment(SpringApplication.java:345) [spring-boot-2.2.5.RELEASE.jar!/:2.2.5.RELEASE]
	at org.springframework.boot.SpringApplication.run(SpringApplication.java:308) [spring-boot-2.2.5.RELEASE.jar!/:2.2.5.RELEASE]
	at org.springframework.boot.SpringApplication.run(SpringApplication.java:1226) [spring-boot-2.2.5.RELEASE.jar!/:2.2.5.RELEASE]
	at org.springframework.boot.SpringApplication.run(SpringApplication.java:1215) [spring-boot-2.2.5.RELEASE.jar!/:2.2.5.RELEASE]
	at com.shengsiyuan.eureka.server.EurekaServerApplication.main(EurekaServerApplication.java:13) [classes!/:na]
	at sun.reflect.NativeMethodAccessorImpl.invoke0(Native Method) ~[na:1.8.0_111]
	at sun.reflect.NativeMethodAccessorImpl.invoke(Unknown Source) ~[na:1.8.0_111]
	at sun.reflect.DelegatingMethodAccessorImpl.invoke(Unknown Source) ~[na:1.8.0_111]
	at java.lang.reflect.Method.invoke(Unknown Source) ~[na:1.8.0_111]
	at org.springframework.boot.loader.MainMethodRunner.run(MainMethodRunner.java:48) [spring-cloud-eureka-1.0.jar:na]
	at org.springframework.boot.loader.Launcher.launch(Launcher.java:87) [spring-cloud-eureka-1.0.jar:na]
	at org.springframework.boot.loader.Launcher.launch(Launcher.java:51) [spring-cloud-eureka-1.0.jar:na]
	at org.springframework.boot.loader.JarLauncher.main(JarLauncher.java:52) [spring-cloud-eureka-1.0.jar:na]

