2020-06-23 20:41:52.003  INFO 9096 --- [main] c.s.e.server.EurekaServerApplication     : No active profile set, falling back to default profiles: default
2020-06-23 20:41:54.799  WARN 9096 --- [main] o.s.boot.actuate.endpoint.EndpointId     : Endpoint ID 'service-registry' contains invalid characters, please migrate to a valid format.
2020-06-23 20:41:55.170  INFO 9096 --- [main] o.s.cloud.context.scope.GenericScope     : BeanFactory id=8251ec22-1d9a-34f3-bfcb-0bc6d35d1021
2020-06-23 20:41:57.462  INFO 9096 --- [main] org.xnio                                 : XNIO version 3.3.8.Final
2020-06-23 20:41:57.541  INFO 9096 --- [main] org.xnio.nio                             : XNIO NIO Implementation Version 3.3.8.Final
2020-06-23 20:41:57.773  WARN 9096 --- [main] io.undertow.websockets.jsr               : UT026010: Buffer pool was not set on WebSocketDeploymentInfo, the default pool will be used
2020-06-23 20:41:57.890  INFO 9096 --- [main] io.undertow.servlet                      : Initializing Spring embedded WebApplicationContext
2020-06-23 20:41:57.891  INFO 9096 --- [main] o.s.web.context.ContextLoader            : Root WebApplicationContext: initialization completed in 5762 ms
2020-06-23 20:41:58.121  WARN 9096 --- [main] c.n.c.sources.URLConfigurationSource     : No URLs will be polled as dynamic configuration sources.
2020-06-23 20:41:58.121  INFO 9096 --- [main] c.n.c.sources.URLConfigurationSource     : To enable URLs as dynamic configuration sources, define System property archaius.configurationSource.additionalUrls or make config.properties available on classpath.
2020-06-23 20:41:58.192  INFO 9096 --- [main] c.netflix.config.DynamicPropertyFactory  : DynamicPropertyFactory is initialized with configuration sources: com.netflix.config.ConcurrentCompositeConfiguration@620c8641
2020-06-23 20:42:01.400  INFO 9096 --- [main] o.s.cloud.commons.util.InetUtils         : Cannot determine local hostname
2020-06-23 20:42:01.928  WARN 9096 --- [main] c.n.c.sources.URLConfigurationSource     : No URLs will be polled as dynamic configuration sources.
2020-06-23 20:42:01.928  INFO 9096 --- [main] c.n.c.sources.URLConfigurationSource     : To enable URLs as dynamic configuration sources, define System property archaius.configurationSource.additionalUrls or make config.properties available on classpath.
2020-06-23 20:42:02.392  INFO 9096 --- [main] o.s.s.concurrent.ThreadPoolTaskExecutor  : Initializing ExecutorService 'applicationTaskExecutor'
2020-06-23 20:42:05.527  INFO 9096 --- [main] o.s.cloud.commons.util.InetUtils         : Cannot determine local hostname
2020-06-23 20:42:05.617  WARN 9096 --- [main] ockingLoadBalancerClientRibbonWarnLogger : You already have RibbonLoadBalancerClient on your classpath. It will be used by default. As Spring Cloud Ribbon is in maintenance mode. We recommend switching to BlockingLoadBalancerClient instead. In order to use it, set the value of `spring.cloud.loadbalancer.ribbon.enabled` to `false` or remove spring-cloud-starter-netflix-ribbon from your project.
2020-06-23 20:42:05.968  INFO 9096 --- [main] o.s.c.n.eureka.InstanceInfoFactory       : Setting initial instance status as: STARTING
2020-06-23 20:42:06.048  INFO 9096 --- [main] com.netflix.discovery.DiscoveryClient    : Initializing Eureka in region us-east-1
2020-06-23 20:42:06.049  INFO 9096 --- [main] com.netflix.discovery.DiscoveryClient    : Client configured to neither register nor query for data.
2020-06-23 20:42:06.076  INFO 9096 --- [main] com.netflix.discovery.DiscoveryClient    : Discovery Client initialized at timestamp 1592916126072 with initial instances count: 0
2020-06-23 20:42:06.142  INFO 9096 --- [main] c.n.eureka.DefaultEurekaServerContext    : Initializing ...
2020-06-23 20:42:06.146  WARN 9096 --- [main] c.n.eureka.cluster.PeerEurekaNodes       : The replica size seems to be empty. Check the route 53 DNS Registry
2020-06-23 20:42:06.172  INFO 9096 --- [main] c.n.e.registry.AbstractInstanceRegistry  : Finished initializing remote region registries. All known remote regions: []
2020-06-23 20:42:06.173  INFO 9096 --- [main] c.n.eureka.DefaultEurekaServerContext    : Initialized
2020-06-23 20:42:06.202  INFO 9096 --- [main] o.s.b.a.e.web.EndpointLinksResolver      : Exposing 19 endpoint(s) beneath base path '/actuator'
2020-06-23 20:42:06.270  INFO 9096 --- [main] o.s.c.n.e.s.EurekaServiceRegistry        : Registering application SERVICE-REGISTER-CENTER with eureka with status UP
2020-06-23 20:42:06.274  INFO 9096 --- [Thread-11] o.s.c.n.e.server.EurekaServerBootstrap   : Setting the eureka configuration..
2020-06-23 20:42:06.291  INFO 9096 --- [Thread-11] o.s.c.n.e.server.EurekaServerBootstrap   : Eureka data center value eureka.datacenter is not set, defaulting to default
2020-06-23 20:42:06.292  INFO 9096 --- [Thread-11] o.s.c.n.e.server.EurekaServerBootstrap   : Eureka environment value eureka.environment is not set, defaulting to test
2020-06-23 20:42:06.335  INFO 9096 --- [Thread-11] o.s.c.n.e.server.EurekaServerBootstrap   : isAws returned false
2020-06-23 20:42:06.336  INFO 9096 --- [Thread-11] o.s.c.n.e.server.EurekaServerBootstrap   : Initialized server context
2020-06-23 20:42:06.336  INFO 9096 --- [Thread-11] c.n.e.r.PeerAwareInstanceRegistryImpl    : Got 1 instances from neighboring DS node
2020-06-23 20:42:06.337  INFO 9096 --- [Thread-11] c.n.e.r.PeerAwareInstanceRegistryImpl    : Renew threshold is: 1
2020-06-23 20:42:06.337  INFO 9096 --- [Thread-11] c.n.e.r.PeerAwareInstanceRegistryImpl    : Changing status to UP
2020-06-23 20:42:06.348  INFO 9096 --- [Thread-11] e.s.EurekaServerInitializerConfiguration : Started Eureka Server
2020-06-23 20:42:06.482  INFO 9096 --- [main] c.s.j.s.i.a.WebApplicationImpl           : Initiating Jersey application, version 'Jersey: 1.19.1 03/11/2016 02:08 PM'
2020-06-23 20:42:06.577  INFO 9096 --- [main] c.n.d.provider.DiscoveryJerseyProvider   : Using JSON encoding codec LegacyJacksonJson
2020-06-23 20:42:06.577  INFO 9096 --- [main] c.n.d.provider.DiscoveryJerseyProvider   : Using JSON decoding codec LegacyJacksonJson
2020-06-23 20:42:06.577  INFO 9096 --- [main] c.n.d.provider.DiscoveryJerseyProvider   : Using XML encoding codec XStreamXml
2020-06-23 20:42:06.577  INFO 9096 --- [main] c.n.d.provider.DiscoveryJerseyProvider   : Using XML decoding codec XStreamXml
2020-06-23 20:42:07.118  INFO 9096 --- [main] io.undertow                              : starting server: Undertow - 2.0.29.Final
2020-06-23 20:42:07.197  INFO 9096 --- [main] o.s.b.w.e.u.UndertowServletWebServer     : Undertow started on port(s) 10097 (http) with context path ''
2020-06-23 20:42:07.198  INFO 9096 --- [main] .s.c.n.e.s.EurekaAutoServiceRegistration : Updating port to 10097
2020-06-23 20:42:09.761  INFO 9096 --- [main] o.s.cloud.commons.util.InetUtils         : Cannot determine local hostname
2020-06-23 20:42:09.766  INFO 9096 --- [main] c.s.e.server.EurekaServerApplication     : Started EurekaServerApplication in 24.245 seconds (JVM running for 25.164)
2020-06-23 20:42:46.157  INFO 9096 --- [XNIO-2 task-1] io.undertow.servlet                      : Initializing Spring DispatcherServlet 'dispatcherServlet'
2020-06-23 20:42:46.158  INFO 9096 --- [XNIO-2 task-1] o.s.web.servlet.DispatcherServlet        : Initializing Servlet 'dispatcherServlet'
2020-06-23 20:42:46.169  INFO 9096 --- [XNIO-2 task-1] o.s.web.servlet.DispatcherServlet        : Completed initialization in 11 ms
2020-06-23 20:42:47.157  INFO 9096 --- [XNIO-2 task-2] c.n.e.registry.AbstractInstanceRegistry  : Registered instance CONFIG-SERVER/localhost:config-server:7000 with status UP (replication=false)
2020-06-23 20:43:06.340  INFO 9096 --- [Eureka-EvictionTimer] c.n.e.registry.AbstractInstanceRegistry  : Running the evict task with compensationTime 0ms
2020-06-23 20:43:39.643  INFO 9096 --- [XNIO-2 task-6] c.n.e.registry.AbstractInstanceRegistry  : Registered instance MYCONFIG/localhost:myConfig:8000 with status UP (replication=false)
2020-06-23 20:44:03.104  INFO 9096 --- [XNIO-2 task-9] c.n.e.registry.AbstractInstanceRegistry  : Cancelled instance MYCONFIG/localhost:myConfig:8000 (replication=false)
2020-06-23 20:44:06.341  INFO 9096 --- [Eureka-EvictionTimer] c.n.e.registry.AbstractInstanceRegistry  : Running the evict task with compensationTime 0ms
2020-06-23 20:45:06.343  INFO 9096 --- [Eureka-EvictionTimer] c.n.e.registry.AbstractInstanceRegistry  : Running the evict task with compensationTime 1ms
2020-06-23 20:46:06.345  INFO 9096 --- [Eureka-EvictionTimer] c.n.e.registry.AbstractInstanceRegistry  : Running the evict task with compensationTime 0ms
2020-06-23 20:47:06.347  INFO 9096 --- [Eureka-EvictionTimer] c.n.e.registry.AbstractInstanceRegistry  : Running the evict task with compensationTime 0ms
2020-06-23 20:48:06.348  INFO 9096 --- [Eureka-EvictionTimer] c.n.e.registry.AbstractInstanceRegistry  : Running the evict task with compensationTime 0ms
2020-06-23 20:49:06.350  INFO 9096 --- [Eureka-EvictionTimer] c.n.e.registry.AbstractInstanceRegistry  : Running the evict task with compensationTime 0ms
2020-06-23 20:50:06.351  INFO 9096 --- [Eureka-EvictionTimer] c.n.e.registry.AbstractInstanceRegistry  : Running the evict task with compensationTime 0ms
2020-06-23 20:51:06.353  INFO 9096 --- [Eureka-EvictionTimer] c.n.e.registry.AbstractInstanceRegistry  : Running the evict task with compensationTime 0ms
2020-06-23 20:52:06.159  WARN 9096 --- [Eureka-PeerNodesUpdater] c.n.eureka.cluster.PeerEurekaNodes       : The replica size seems to be empty. Check the route 53 DNS Registry
2020-06-23 20:52:06.355  INFO 9096 --- [Eureka-EvictionTimer] c.n.e.registry.AbstractInstanceRegistry  : Running the evict task with compensationTime 0ms
2020-06-23 20:53:06.356  INFO 9096 --- [Eureka-EvictionTimer] c.n.e.registry.AbstractInstanceRegistry  : Running the evict task with compensationTime 0ms
2020-06-23 20:54:06.358  INFO 9096 --- [Eureka-EvictionTimer] c.n.e.registry.AbstractInstanceRegistry  : Running the evict task with compensationTime 0ms
2020-06-23 20:55:06.359  INFO 9096 --- [Eureka-EvictionTimer] c.n.e.registry.AbstractInstanceRegistry  : Running the evict task with compensationTime 0ms
2020-06-23 20:56:06.361  INFO 9096 --- [Eureka-EvictionTimer] c.n.e.registry.AbstractInstanceRegistry  : Running the evict task with compensationTime 1ms
2020-06-23 20:57:06.189  INFO 9096 --- [ReplicaAwareInstanceRegistry - RenewalThresholdUpdater] c.n.e.r.PeerAwareInstanceRegistryImpl    : Current renewal threshold is : 3
2020-06-23 20:57:06.362  INFO 9096 --- [Eureka-EvictionTimer] c.n.e.registry.AbstractInstanceRegistry  : Running the evict task with compensationTime 0ms
2020-06-23 20:58:06.363  INFO 9096 --- [Eureka-EvictionTimer] c.n.e.registry.AbstractInstanceRegistry  : Running the evict task with compensationTime 0ms
2020-06-23 20:59:06.365  INFO 9096 --- [Eureka-EvictionTimer] c.n.e.registry.AbstractInstanceRegistry  : Running the evict task with compensationTime 0ms
2020-06-23 21:00:06.366  INFO 9096 --- [Eureka-EvictionTimer] c.n.e.registry.AbstractInstanceRegistry  : Running the evict task with compensationTime 0ms
2020-06-23 21:01:06.368  INFO 9096 --- [Eureka-EvictionTimer] c.n.e.registry.AbstractInstanceRegistry  : Running the evict task with compensationTime 0ms
2020-06-23 21:02:06.172  WARN 9096 --- [Eureka-PeerNodesUpdater] c.n.eureka.cluster.PeerEurekaNodes       : The replica size seems to be empty. Check the route 53 DNS Registry
2020-06-23 21:02:06.370  INFO 9096 --- [Eureka-EvictionTimer] c.n.e.registry.AbstractInstanceRegistry  : Running the evict task with compensationTime 0ms
2020-06-23 21:03:06.371  INFO 9096 --- [Eureka-EvictionTimer] c.n.e.registry.AbstractInstanceRegistry  : Running the evict task with compensationTime 0ms
2020-06-23 21:04:06.373  INFO 9096 --- [Eureka-EvictionTimer] c.n.e.registry.AbstractInstanceRegistry  : Running the evict task with compensationTime 0ms
2020-06-23 21:05:06.375  INFO 9096 --- [Eureka-EvictionTimer] c.n.e.registry.AbstractInstanceRegistry  : Running the evict task with compensationTime 0ms
2020-06-23 21:06:06.376  INFO 9096 --- [Eureka-EvictionTimer] c.n.e.registry.AbstractInstanceRegistry  : Running the evict task with compensationTime 0ms
2020-06-23 21:07:06.377  INFO 9096 --- [Eureka-EvictionTimer] c.n.e.registry.AbstractInstanceRegistry  : Running the evict task with compensationTime 0ms
2020-06-23 21:08:06.379  INFO 9096 --- [Eureka-EvictionTimer] c.n.e.registry.AbstractInstanceRegistry  : Running the evict task with compensationTime 0ms
2020-06-23 21:09:06.381  INFO 9096 --- [Eureka-EvictionTimer] c.n.e.registry.AbstractInstanceRegistry  : Running the evict task with compensationTime 0ms
2020-06-23 21:10:06.382  INFO 9096 --- [Eureka-EvictionTimer] c.n.e.registry.AbstractInstanceRegistry  : Running the evict task with compensationTime 0ms
2020-06-23 21:11:06.383  INFO 9096 --- [Eureka-EvictionTimer] c.n.e.registry.AbstractInstanceRegistry  : Running the evict task with compensationTime 0ms
2020-06-23 21:12:06.184  WARN 9096 --- [Eureka-PeerNodesUpdater] c.n.eureka.cluster.PeerEurekaNodes       : The replica size seems to be empty. Check the route 53 DNS Registry
2020-06-23 21:12:06.203  INFO 9096 --- [ReplicaAwareInstanceRegistry - RenewalThresholdUpdater] c.n.e.r.PeerAwareInstanceRegistryImpl    : Current renewal threshold is : 3
2020-06-23 21:12:06.384  INFO 9096 --- [Eureka-EvictionTimer] c.n.e.registry.AbstractInstanceRegistry  : Running the evict task with compensationTime 0ms
2020-06-23 21:13:06.384  INFO 9096 --- [Eureka-EvictionTimer] c.n.e.registry.AbstractInstanceRegistry  : Running the evict task with compensationTime 0ms
2020-06-23 21:14:06.386  INFO 9096 --- [Eureka-EvictionTimer] c.n.e.registry.AbstractInstanceRegistry  : Running the evict task with compensationTime 0ms
2020-06-23 21:15:06.386  INFO 9096 --- [Eureka-EvictionTimer] c.n.e.registry.AbstractInstanceRegistry  : Running the evict task with compensationTime 0ms
2020-06-23 21:16:06.388  INFO 9096 --- [Eureka-EvictionTimer] c.n.e.registry.AbstractInstanceRegistry  : Running the evict task with compensationTime 0ms
2020-06-23 21:17:06.388  INFO 9096 --- [Eureka-EvictionTimer] c.n.e.registry.AbstractInstanceRegistry  : Running the evict task with compensationTime 0ms
2020-06-23 21:18:06.389  INFO 9096 --- [Eureka-EvictionTimer] c.n.e.registry.AbstractInstanceRegistry  : Running the evict task with compensationTime 0ms
2020-06-23 21:19:06.391  INFO 9096 --- [Eureka-EvictionTimer] c.n.e.registry.AbstractInstanceRegistry  : Running the evict task with compensationTime 0ms
2020-06-23 21:20:06.392  INFO 9096 --- [Eureka-EvictionTimer] c.n.e.registry.AbstractInstanceRegistry  : Running the evict task with compensationTime 0ms
2020-06-23 21:21:06.393  INFO 9096 --- [Eureka-EvictionTimer] c.n.e.registry.AbstractInstanceRegistry  : Running the evict task with compensationTime 0ms
2020-06-23 21:22:06.191  WARN 9096 --- [Eureka-PeerNodesUpdater] c.n.eureka.cluster.PeerEurekaNodes       : The replica size seems to be empty. Check the route 53 DNS Registry
2020-06-23 21:22:06.394  INFO 9096 --- [Eureka-EvictionTimer] c.n.e.registry.AbstractInstanceRegistry  : Running the evict task with compensationTime 0ms
2020-06-23 21:23:06.394  INFO 9096 --- [Eureka-EvictionTimer] c.n.e.registry.AbstractInstanceRegistry  : Running the evict task with compensationTime 0ms
2020-06-23 21:24:06.395  INFO 9096 --- [Eureka-EvictionTimer] c.n.e.registry.AbstractInstanceRegistry  : Running the evict task with compensationTime 0ms
2020-06-23 21:25:06.396  INFO 9096 --- [Eureka-EvictionTimer] c.n.e.registry.AbstractInstanceRegistry  : Running the evict task with compensationTime 0ms
2020-06-23 21:26:06.398  INFO 9096 --- [Eureka-EvictionTimer] c.n.e.registry.AbstractInstanceRegistry  : Running the evict task with compensationTime 0ms
2020-06-23 21:27:06.210  INFO 9096 --- [ReplicaAwareInstanceRegistry - RenewalThresholdUpdater] c.n.e.r.PeerAwareInstanceRegistryImpl    : Current renewal threshold is : 3
2020-06-23 21:27:06.399  INFO 9096 --- [Eureka-EvictionTimer] c.n.e.registry.AbstractInstanceRegistry  : Running the evict task with compensationTime 0ms
2020-06-23 21:28:06.399  INFO 9096 --- [Eureka-EvictionTimer] c.n.e.registry.AbstractInstanceRegistry  : Running the evict task with compensationTime 0ms
2020-06-23 21:29:06.401  INFO 9096 --- [Eureka-EvictionTimer] c.n.e.registry.AbstractInstanceRegistry  : Running the evict task with compensationTime 0ms
2020-06-23 21:30:06.402  INFO 9096 --- [Eureka-EvictionTimer] c.n.e.registry.AbstractInstanceRegistry  : Running the evict task with compensationTime 0ms
2020-06-23 21:31:06.403  INFO 9096 --- [Eureka-EvictionTimer] c.n.e.registry.AbstractInstanceRegistry  : Running the evict task with compensationTime 0ms
2020-06-23 21:32:06.200  WARN 9096 --- [Eureka-PeerNodesUpdater] c.n.eureka.cluster.PeerEurekaNodes       : The replica size seems to be empty. Check the route 53 DNS Registry
2020-06-23 21:32:06.404  INFO 9096 --- [Eureka-EvictionTimer] c.n.e.registry.AbstractInstanceRegistry  : Running the evict task with compensationTime 0ms
2020-06-23 21:33:06.404  INFO 9096 --- [Eureka-EvictionTimer] c.n.e.registry.AbstractInstanceRegistry  : Running the evict task with compensationTime 0ms
2020-06-23 21:34:06.405  INFO 9096 --- [Eureka-EvictionTimer] c.n.e.registry.AbstractInstanceRegistry  : Running the evict task with compensationTime 0ms
2020-06-23 21:35:06.407  INFO 9096 --- [Eureka-EvictionTimer] c.n.e.registry.AbstractInstanceRegistry  : Running the evict task with compensationTime 0ms
2020-06-23 21:36:06.407  INFO 9096 --- [Eureka-EvictionTimer] c.n.e.registry.AbstractInstanceRegistry  : Running the evict task with compensationTime 0ms
2020-06-23 21:37:06.408  INFO 9096 --- [Eureka-EvictionTimer] c.n.e.registry.AbstractInstanceRegistry  : Running the evict task with compensationTime 0ms
2020-06-23 21:38:06.409  INFO 9096 --- [Eureka-EvictionTimer] c.n.e.registry.AbstractInstanceRegistry  : Running the evict task with compensationTime 0ms
2020-06-23 21:39:06.410  INFO 9096 --- [Eureka-EvictionTimer] c.n.e.registry.AbstractInstanceRegistry  : Running the evict task with compensationTime 0ms
2020-06-23 21:40:06.411  INFO 9096 --- [Eureka-EvictionTimer] c.n.e.registry.AbstractInstanceRegistry  : Running the evict task with compensationTime 1ms
2020-06-23 21:41:06.412  INFO 9096 --- [Eureka-EvictionTimer] c.n.e.registry.AbstractInstanceRegistry  : Running the evict task with compensationTime 0ms
2020-06-23 21:42:06.206  WARN 9096 --- [Eureka-PeerNodesUpdater] c.n.eureka.cluster.PeerEurekaNodes       : The replica size seems to be empty. Check the route 53 DNS Registry
2020-06-23 21:42:06.217  INFO 9096 --- [ReplicaAwareInstanceRegistry - RenewalThresholdUpdater] c.n.e.r.PeerAwareInstanceRegistryImpl    : Current renewal threshold is : 3
2020-06-23 21:42:06.414  INFO 9096 --- [Eureka-EvictionTimer] c.n.e.registry.AbstractInstanceRegistry  : Running the evict task with compensationTime 0ms
2020-06-23 21:43:06.414  INFO 9096 --- [Eureka-EvictionTimer] c.n.e.registry.AbstractInstanceRegistry  : Running the evict task with compensationTime 0ms
2020-06-23 21:44:06.415  INFO 9096 --- [Eureka-EvictionTimer] c.n.e.registry.AbstractInstanceRegistry  : Running the evict task with compensationTime 0ms
2020-06-23 21:45:06.416  INFO 9096 --- [Eureka-EvictionTimer] c.n.e.registry.AbstractInstanceRegistry  : Running the evict task with compensationTime 0ms
2020-06-23 21:46:06.417  INFO 9096 --- [Eureka-EvictionTimer] c.n.e.registry.AbstractInstanceRegistry  : Running the evict task with compensationTime 0ms
2020-06-23 21:47:06.417  INFO 9096 --- [Eureka-EvictionTimer] c.n.e.registry.AbstractInstanceRegistry  : Running the evict task with compensationTime 0ms
2020-06-23 21:48:06.418  INFO 9096 --- [Eureka-EvictionTimer] c.n.e.registry.AbstractInstanceRegistry  : Running the evict task with compensationTime 0ms
2020-06-23 21:49:06.419  INFO 9096 --- [Eureka-EvictionTimer] c.n.e.registry.AbstractInstanceRegistry  : Running the evict task with compensationTime 0ms
2020-06-23 21:50:06.420  INFO 9096 --- [Eureka-EvictionTimer] c.n.e.registry.AbstractInstanceRegistry  : Running the evict task with compensationTime 0ms
2020-06-23 21:51:06.421  INFO 9096 --- [Eureka-EvictionTimer] c.n.e.registry.AbstractInstanceRegistry  : Running the evict task with compensationTime 0ms
2020-06-23 21:52:06.211  WARN 9096 --- [Eureka-PeerNodesUpdater] c.n.eureka.cluster.PeerEurekaNodes       : The replica size seems to be empty. Check the route 53 DNS Registry
2020-06-23 21:52:06.421  INFO 9096 --- [Eureka-EvictionTimer] c.n.e.registry.AbstractInstanceRegistry  : Running the evict task with compensationTime 0ms
2020-06-23 21:53:06.422  INFO 9096 --- [Eureka-EvictionTimer] c.n.e.registry.AbstractInstanceRegistry  : Running the evict task with compensationTime 0ms
2020-06-23 21:54:06.422  INFO 9096 --- [Eureka-EvictionTimer] c.n.e.registry.AbstractInstanceRegistry  : Running the evict task with compensationTime 0ms
2020-06-23 21:55:06.422  INFO 9096 --- [Eureka-EvictionTimer] c.n.e.registry.AbstractInstanceRegistry  : Running the evict task with compensationTime 0ms
2020-06-23 21:56:06.423  INFO 9096 --- [Eureka-EvictionTimer] c.n.e.registry.AbstractInstanceRegistry  : Running the evict task with compensationTime 0ms
2020-06-23 21:57:06.221  INFO 9096 --- [ReplicaAwareInstanceRegistry - RenewalThresholdUpdater] c.n.e.r.PeerAwareInstanceRegistryImpl    : Current renewal threshold is : 3
2020-06-23 21:57:06.424  INFO 9096 --- [Eureka-EvictionTimer] c.n.e.registry.AbstractInstanceRegistry  : Running the evict task with compensationTime 0ms
2020-06-23 21:58:06.425  INFO 9096 --- [Eureka-EvictionTimer] c.n.e.registry.AbstractInstanceRegistry  : Running the evict task with compensationTime 0ms
2020-06-23 21:59:06.426  INFO 9096 --- [Eureka-EvictionTimer] c.n.e.registry.AbstractInstanceRegistry  : Running the evict task with compensationTime 0ms
2020-06-23 22:02:04.326  INFO 60088 --- [main] c.s.e.server.EurekaServerApplication     : No active profile set, falling back to default profiles: default
2020-06-23 22:02:05.241  WARN 60088 --- [main] o.s.boot.actuate.endpoint.EndpointId     : Endpoint ID 'service-registry' contains invalid characters, please migrate to a valid format.
2020-06-23 22:02:05.419  INFO 60088 --- [main] o.s.cloud.context.scope.GenericScope     : BeanFactory id=8251ec22-1d9a-34f3-bfcb-0bc6d35d1021
2020-06-23 22:02:06.799  INFO 60088 --- [main] org.xnio                                 : XNIO version 3.3.8.Final
2020-06-23 22:02:06.811  INFO 60088 --- [main] org.xnio.nio                             : XNIO NIO Implementation Version 3.3.8.Final
2020-06-23 22:02:06.922  WARN 60088 --- [main] io.undertow.websockets.jsr               : UT026010: Buffer pool was not set on WebSocketDeploymentInfo, the default pool will be used
2020-06-23 22:02:07.023  INFO 60088 --- [main] io.undertow.servlet                      : Initializing Spring embedded WebApplicationContext
2020-06-23 22:02:07.024  INFO 60088 --- [main] o.s.web.context.ContextLoader            : Root WebApplicationContext: initialization completed in 2676 ms
2020-06-23 22:02:07.115  WARN 60088 --- [main] c.n.c.sources.URLConfigurationSource     : No URLs will be polled as dynamic configuration sources.
2020-06-23 22:02:07.115  INFO 60088 --- [main] c.n.c.sources.URLConfigurationSource     : To enable URLs as dynamic configuration sources, define System property archaius.configurationSource.additionalUrls or make config.properties available on classpath.
2020-06-23 22:02:07.135  INFO 60088 --- [main] c.netflix.config.DynamicPropertyFactory  : DynamicPropertyFactory is initialized with configuration sources: com.netflix.config.ConcurrentCompositeConfiguration@36c2b646
2020-06-23 22:02:10.229  INFO 60088 --- [main] o.s.cloud.commons.util.InetUtils         : Cannot determine local hostname
2020-06-23 22:02:10.485  WARN 60088 --- [main] c.n.c.sources.URLConfigurationSource     : No URLs will be polled as dynamic configuration sources.
2020-06-23 22:02:10.485  INFO 60088 --- [main] c.n.c.sources.URLConfigurationSource     : To enable URLs as dynamic configuration sources, define System property archaius.configurationSource.additionalUrls or make config.properties available on classpath.
2020-06-23 22:02:10.819  INFO 60088 --- [main] o.s.s.concurrent.ThreadPoolTaskExecutor  : Initializing ExecutorService 'applicationTaskExecutor'
2020-06-23 22:02:13.765  INFO 60088 --- [main] o.s.cloud.commons.util.InetUtils         : Cannot determine local hostname
2020-06-23 22:02:13.801  WARN 60088 --- [main] ockingLoadBalancerClientRibbonWarnLogger : You already have RibbonLoadBalancerClient on your classpath. It will be used by default. As Spring Cloud Ribbon is in maintenance mode. We recommend switching to BlockingLoadBalancerClient instead. In order to use it, set the value of `spring.cloud.loadbalancer.ribbon.enabled` to `false` or remove spring-cloud-starter-netflix-ribbon from your project.
2020-06-23 22:02:14.026  INFO 60088 --- [main] o.s.c.n.eureka.InstanceInfoFactory       : Setting initial instance status as: STARTING
2020-06-23 22:02:14.070  INFO 60088 --- [main] com.netflix.discovery.DiscoveryClient    : Initializing Eureka in region us-east-1
2020-06-23 22:02:14.070  INFO 60088 --- [main] com.netflix.discovery.DiscoveryClient    : Client configured to neither register nor query for data.
2020-06-23 22:02:14.084  INFO 60088 --- [main] com.netflix.discovery.DiscoveryClient    : Discovery Client initialized at timestamp 1592920934082 with initial instances count: 0
2020-06-23 22:02:14.134  INFO 60088 --- [main] c.n.eureka.DefaultEurekaServerContext    : Initializing ...
2020-06-23 22:02:14.138  WARN 60088 --- [main] c.n.eureka.cluster.PeerEurekaNodes       : The replica size seems to be empty. Check the route 53 DNS Registry
2020-06-23 22:02:14.162  INFO 60088 --- [main] c.n.e.registry.AbstractInstanceRegistry  : Finished initializing remote region registries. All known remote regions: []
2020-06-23 22:02:14.163  INFO 60088 --- [main] c.n.eureka.DefaultEurekaServerContext    : Initialized
2020-06-23 22:02:14.181  INFO 60088 --- [main] o.s.b.a.e.web.EndpointLinksResolver      : Exposing 19 endpoint(s) beneath base path '/actuator'
2020-06-23 22:02:14.220  INFO 60088 --- [main] o.s.c.n.e.s.EurekaServiceRegistry        : Registering application SERVICE-REGISTER-CENTER with eureka with status UP
2020-06-23 22:02:14.223  INFO 60088 --- [Thread-11] o.s.c.n.e.server.EurekaServerBootstrap   : Setting the eureka configuration..
2020-06-23 22:02:14.225  INFO 60088 --- [Thread-11] o.s.c.n.e.server.EurekaServerBootstrap   : Eureka data center value eureka.datacenter is not set, defaulting to default
2020-06-23 22:02:14.225  INFO 60088 --- [Thread-11] o.s.c.n.e.server.EurekaServerBootstrap   : Eureka environment value eureka.environment is not set, defaulting to test
2020-06-23 22:02:14.246  INFO 60088 --- [Thread-11] o.s.c.n.e.server.EurekaServerBootstrap   : isAws returned false
2020-06-23 22:02:14.247  INFO 60088 --- [Thread-11] o.s.c.n.e.server.EurekaServerBootstrap   : Initialized server context
2020-06-23 22:02:14.248  INFO 60088 --- [Thread-11] c.n.e.r.PeerAwareInstanceRegistryImpl    : Got 1 instances from neighboring DS node
2020-06-23 22:02:14.248  INFO 60088 --- [Thread-11] c.n.e.r.PeerAwareInstanceRegistryImpl    : Renew threshold is: 1
2020-06-23 22:02:14.249  INFO 60088 --- [Thread-11] c.n.e.r.PeerAwareInstanceRegistryImpl    : Changing status to UP
2020-06-23 22:02:14.263  INFO 60088 --- [Thread-11] e.s.EurekaServerInitializerConfiguration : Started Eureka Server
2020-06-23 22:02:14.350  INFO 60088 --- [main] c.s.j.s.i.a.WebApplicationImpl           : Initiating Jersey application, version 'Jersey: 1.19.1 03/11/2016 02:08 PM'
2020-06-23 22:02:14.439  INFO 60088 --- [main] c.n.d.provider.DiscoveryJerseyProvider   : Using JSON encoding codec LegacyJacksonJson
2020-06-23 22:02:14.440  INFO 60088 --- [main] c.n.d.provider.DiscoveryJerseyProvider   : Using JSON decoding codec LegacyJacksonJson
2020-06-23 22:02:14.440  INFO 60088 --- [main] c.n.d.provider.DiscoveryJerseyProvider   : Using XML encoding codec XStreamXml
2020-06-23 22:02:14.440  INFO 60088 --- [main] c.n.d.provider.DiscoveryJerseyProvider   : Using XML decoding codec XStreamXml
2020-06-23 22:02:14.910  INFO 60088 --- [main] io.undertow                              : starting server: Undertow - 2.0.29.Final
2020-06-23 22:02:14.948  INFO 60088 --- [main] o.s.b.w.e.u.UndertowServletWebServer     : Undertow started on port(s) 10097 (http) with context path ''
2020-06-23 22:02:14.949  INFO 60088 --- [main] .s.c.n.e.s.EurekaAutoServiceRegistration : Updating port to 10097
2020-06-23 22:02:17.545  INFO 60088 --- [main] o.s.cloud.commons.util.InetUtils         : Cannot determine local hostname
2020-06-23 22:02:17.549  INFO 60088 --- [main] c.s.e.server.EurekaServerApplication     : Started EurekaServerApplication in 19.406 seconds (JVM running for 20.123)
2020-06-23 22:14:26.569  INFO 69056 --- [main] c.s.e.server.EurekaServerApplication     : No active profile set, falling back to default profiles: default
2020-06-23 22:14:27.508  WARN 69056 --- [main] o.s.boot.actuate.endpoint.EndpointId     : Endpoint ID 'service-registry' contains invalid characters, please migrate to a valid format.
2020-06-23 22:14:27.701  INFO 69056 --- [main] o.s.cloud.context.scope.GenericScope     : BeanFactory id=8251ec22-1d9a-34f3-bfcb-0bc6d35d1021
2020-06-23 22:14:29.097  INFO 69056 --- [main] org.xnio                                 : XNIO version 3.3.8.Final
2020-06-23 22:14:29.112  INFO 69056 --- [main] org.xnio.nio                             : XNIO NIO Implementation Version 3.3.8.Final
2020-06-23 22:14:29.217  WARN 69056 --- [main] io.undertow.websockets.jsr               : UT026010: Buffer pool was not set on WebSocketDeploymentInfo, the default pool will be used
2020-06-23 22:14:29.311  INFO 69056 --- [main] io.undertow.servlet                      : Initializing Spring embedded WebApplicationContext
2020-06-23 22:14:29.311  INFO 69056 --- [main] o.s.web.context.ContextLoader            : Root WebApplicationContext: initialization completed in 2717 ms
2020-06-23 22:14:29.411  WARN 69056 --- [main] c.n.c.sources.URLConfigurationSource     : No URLs will be polled as dynamic configuration sources.
2020-06-23 22:14:29.412  INFO 69056 --- [main] c.n.c.sources.URLConfigurationSource     : To enable URLs as dynamic configuration sources, define System property archaius.configurationSource.additionalUrls or make config.properties available on classpath.
2020-06-23 22:14:29.432  INFO 69056 --- [main] c.netflix.config.DynamicPropertyFactory  : DynamicPropertyFactory is initialized with configuration sources: com.netflix.config.ConcurrentCompositeConfiguration@fc807c1
2020-06-23 22:14:32.460  INFO 69056 --- [main] o.s.cloud.commons.util.InetUtils         : Cannot determine local hostname
2020-06-23 22:14:32.717  WARN 69056 --- [main] c.n.c.sources.URLConfigurationSource     : No URLs will be polled as dynamic configuration sources.
2020-06-23 22:14:32.718  INFO 69056 --- [main] c.n.c.sources.URLConfigurationSource     : To enable URLs as dynamic configuration sources, define System property archaius.configurationSource.additionalUrls or make config.properties available on classpath.
2020-06-23 22:14:33.087  INFO 69056 --- [main] o.s.s.concurrent.ThreadPoolTaskExecutor  : Initializing ExecutorService 'applicationTaskExecutor'
2020-06-23 22:14:36.134  INFO 69056 --- [main] o.s.cloud.commons.util.InetUtils         : Cannot determine local hostname
2020-06-23 22:14:36.161  WARN 69056 --- [main] ockingLoadBalancerClientRibbonWarnLogger : You already have RibbonLoadBalancerClient on your classpath. It will be used by default. As Spring Cloud Ribbon is in maintenance mode. We recommend switching to BlockingLoadBalancerClient instead. In order to use it, set the value of `spring.cloud.loadbalancer.ribbon.enabled` to `false` or remove spring-cloud-starter-netflix-ribbon from your project.
2020-06-23 22:14:36.444  INFO 69056 --- [main] o.s.c.n.eureka.InstanceInfoFactory       : Setting initial instance status as: STARTING
2020-06-23 22:14:36.508  INFO 69056 --- [main] com.netflix.discovery.DiscoveryClient    : Initializing Eureka in region us-east-1
2020-06-23 22:14:36.509  INFO 69056 --- [main] com.netflix.discovery.DiscoveryClient    : Client configured to neither register nor query for data.
2020-06-23 22:14:36.562  INFO 69056 --- [main] com.netflix.discovery.DiscoveryClient    : Discovery Client initialized at timestamp 1592921676560 with initial instances count: 0
2020-06-23 22:14:36.681  INFO 69056 --- [main] c.n.eureka.DefaultEurekaServerContext    : Initializing ...
2020-06-23 22:14:36.686  WARN 69056 --- [main] c.n.eureka.cluster.PeerEurekaNodes       : The replica size seems to be empty. Check the route 53 DNS Registry
2020-06-23 22:14:36.760  INFO 69056 --- [main] c.n.e.registry.AbstractInstanceRegistry  : Finished initializing remote region registries. All known remote regions: []
2020-06-23 22:14:36.764  INFO 69056 --- [main] c.n.eureka.DefaultEurekaServerContext    : Initialized
2020-06-23 22:14:36.876  INFO 69056 --- [main] o.s.b.a.e.web.EndpointLinksResolver      : Exposing 19 endpoint(s) beneath base path '/actuator'
2020-06-23 22:14:36.929  INFO 69056 --- [main] o.s.c.n.e.s.EurekaServiceRegistry        : Registering application SERVICE-REGISTER-CENTER with eureka with status UP
2020-06-23 22:14:36.932  INFO 69056 --- [Thread-11] o.s.c.n.e.server.EurekaServerBootstrap   : Setting the eureka configuration..
2020-06-23 22:14:36.936  INFO 69056 --- [Thread-11] o.s.c.n.e.server.EurekaServerBootstrap   : Eureka data center value eureka.datacenter is not set, defaulting to default
2020-06-23 22:14:36.937  INFO 69056 --- [Thread-11] o.s.c.n.e.server.EurekaServerBootstrap   : Eureka environment value eureka.environment is not set, defaulting to test
2020-06-23 22:14:36.976  INFO 69056 --- [Thread-11] o.s.c.n.e.server.EurekaServerBootstrap   : isAws returned false
2020-06-23 22:14:36.977  INFO 69056 --- [Thread-11] o.s.c.n.e.server.EurekaServerBootstrap   : Initialized server context
2020-06-23 22:14:36.981  INFO 69056 --- [Thread-11] c.n.e.r.PeerAwareInstanceRegistryImpl    : Got 1 instances from neighboring DS node
2020-06-23 22:14:36.982  INFO 69056 --- [Thread-11] c.n.e.r.PeerAwareInstanceRegistryImpl    : Renew threshold is: 1
2020-06-23 22:14:36.983  INFO 69056 --- [Thread-11] c.n.e.r.PeerAwareInstanceRegistryImpl    : Changing status to UP
2020-06-23 22:14:37.026  INFO 69056 --- [Thread-11] e.s.EurekaServerInitializerConfiguration : Started Eureka Server
2020-06-23 22:14:37.146  INFO 69056 --- [main] c.s.j.s.i.a.WebApplicationImpl           : Initiating Jersey application, version 'Jersey: 1.19.1 03/11/2016 02:08 PM'
2020-06-23 22:14:37.264  INFO 69056 --- [main] c.n.d.provider.DiscoveryJerseyProvider   : Using JSON encoding codec LegacyJacksonJson
2020-06-23 22:14:37.264  INFO 69056 --- [main] c.n.d.provider.DiscoveryJerseyProvider   : Using JSON decoding codec LegacyJacksonJson
2020-06-23 22:14:37.264  INFO 69056 --- [main] c.n.d.provider.DiscoveryJerseyProvider   : Using XML encoding codec XStreamXml
2020-06-23 22:14:37.264  INFO 69056 --- [main] c.n.d.provider.DiscoveryJerseyProvider   : Using XML decoding codec XStreamXml
2020-06-23 22:14:37.974  INFO 69056 --- [main] io.undertow                              : starting server: Undertow - 2.0.29.Final
2020-06-23 22:14:38.021  INFO 69056 --- [main] o.s.b.w.e.u.UndertowServletWebServer     : Undertow started on port(s) 10097 (http) with context path ''
2020-06-23 22:14:38.022  INFO 69056 --- [main] .s.c.n.e.s.EurekaAutoServiceRegistration : Updating port to 10097
2020-06-23 22:14:41.112  INFO 69056 --- [main] o.s.cloud.commons.util.InetUtils         : Cannot determine local hostname
2020-06-23 22:14:41.113  INFO 69056 --- [main] c.s.e.server.EurekaServerApplication     : Started EurekaServerApplication in 20.58 seconds (JVM running for 21.324)
2020-06-23 22:15:10.423  INFO 69056 --- [XNIO-2 task-1] io.undertow.servlet                      : Initializing Spring DispatcherServlet 'dispatcherServlet'
2020-06-23 22:15:10.424  INFO 69056 --- [XNIO-2 task-1] o.s.web.servlet.DispatcherServlet        : Initializing Servlet 'dispatcherServlet'
2020-06-23 22:15:10.431  INFO 69056 --- [XNIO-2 task-1] o.s.web.servlet.DispatcherServlet        : Completed initialization in 7 ms
2020-06-23 22:15:10.938  INFO 69056 --- [XNIO-2 task-2] c.n.e.registry.AbstractInstanceRegistry  : Registered instance CONFIG-SERVER/localhost:config-server:7000 with status UP (replication=false)
2020-06-23 22:15:36.987  INFO 69056 --- [Eureka-EvictionTimer] c.n.e.registry.AbstractInstanceRegistry  : Running the evict task with compensationTime 0ms
2020-06-23 22:16:36.988  INFO 69056 --- [Eureka-EvictionTimer] c.n.e.registry.AbstractInstanceRegistry  : Running the evict task with compensationTime 0ms
2020-06-23 22:17:36.989  INFO 69056 --- [Eureka-EvictionTimer] c.n.e.registry.AbstractInstanceRegistry  : Running the evict task with compensationTime 0ms
2020-06-23 22:18:36.989  INFO 69056 --- [Eureka-EvictionTimer] c.n.e.registry.AbstractInstanceRegistry  : Running the evict task with compensationTime 0ms
2020-06-23 22:19:36.990  INFO 69056 --- [Eureka-EvictionTimer] c.n.e.registry.AbstractInstanceRegistry  : Running the evict task with compensationTime 0ms
2020-06-23 22:20:36.991  INFO 69056 --- [Eureka-EvictionTimer] c.n.e.registry.AbstractInstanceRegistry  : Running the evict task with compensationTime 0ms
2020-06-23 22:21:36.991  INFO 69056 --- [Eureka-EvictionTimer] c.n.e.registry.AbstractInstanceRegistry  : Running the evict task with compensationTime 0ms
2020-06-23 22:22:36.992  INFO 69056 --- [Eureka-EvictionTimer] c.n.e.registry.AbstractInstanceRegistry  : Running the evict task with compensationTime 0ms
2020-06-23 22:23:36.992  INFO 69056 --- [Eureka-EvictionTimer] c.n.e.registry.AbstractInstanceRegistry  : Running the evict task with compensationTime 0ms
2020-06-23 22:24:36.690  WARN 69056 --- [Eureka-PeerNodesUpdater] c.n.eureka.cluster.PeerEurekaNodes       : The replica size seems to be empty. Check the route 53 DNS Registry
2020-06-23 22:24:36.993  INFO 69056 --- [Eureka-EvictionTimer] c.n.e.registry.AbstractInstanceRegistry  : Running the evict task with compensationTime 0ms
2020-06-23 22:25:36.994  INFO 69056 --- [Eureka-EvictionTimer] c.n.e.registry.AbstractInstanceRegistry  : Running the evict task with compensationTime 0ms
